Change Component Designator: OldDesignator=C? NewDesignator=C11
Change Component Designator: OldDesignator=C? NewDesignator=C12
Change Component Designator: OldDesignator=C? NewDesignator=C13
Change Component Designator: OldDesignator=C? NewDesignator=C14
Change Component Designator: OldDesignator=C? NewDesignator=C15
Change Component Designator: OldDesignator=C? NewDesignator=C16
Change Component Designator: OldDesignator=D? NewDesignator=D2
Change Component Designator: OldDesignator=D? NewDesignator=D3
Change Component Designator: OldDesignator=D? NewDesignator=D4
Change Component Designator: OldDesignator=D? NewDesignator=D5
Change Component Designator: OldDesignator=L? NewDesignator=L3
Change Component Designator: OldDesignator=PW? NewDesignator=PW2
Change Component Designator: OldDesignator=R? NewDesignator=R14
Change Component Designator: OldDesignator=U? NewDesignator=U3
Change Net Name : Old Net Name=NetC?_2 New Net Name=NetC13_2
Change Net Name : Old Net Name=NetD?_1 New Net Name=NetD5_1
Change Net Name : Old Net Name=NetD?_2 New Net Name=NetD5_2
Change Net Name : Old Net Name=NetL?_1 New Net Name=NetL3_1
Added Pin To Net: NetName=NetD2_2 Pin=D2-2
Added Pin To Net: NetName=NetD2_2 Pin=U3-25
Added Net: Name=NetD2_2
Added Pin To Net: NetName=NetD3_2 Pin=D3-2
Added Pin To Net: NetName=NetD3_2 Pin=U3-24
Added Net: Name=NetD3_2
Added Pin To Net: NetName=NetD4_2 Pin=D4-2
Added Pin To Net: NetName=NetD4_2 Pin=U3-23
Added Net: Name=NetD4_2
Added Member To Class: ClassName=BabyConditionMonitor Member=Component C11 Cap
Added Member To Class: ClassName=BabyConditionMonitor Member=Component C12 Cap
Added Member To Class: ClassName=BabyConditionMonitor Member=Component C13 Cap
Added Member To Class: ClassName=BabyConditionMonitor Member=Component C14 Cap
Added Member To Class: ClassName=BabyConditionMonitor Member=Component C16 Cap
Added Member To Class: ClassName=BabyConditionMonitor Member=Component D2 LED
Added Member To Class: ClassName=BabyConditionMonitor Member=Component D3 LED
Added Member To Class: ClassName=BabyConditionMonitor Member=Component D5 VEMD5010X01
